<?xml version="1.0" encoding="UTF-8"?>
<testsuite xmlns:xsi="http://www.w3.org/2001/XMLSchema-instance" xsi:noNamespaceSchemaLocation="https://maven.apache.org/surefire/maven-surefire-plugin/xsd/surefire-test-report-3.0.xsd" version="3.0" name="com.example.ormfinalproject.OrmAppIntegrationTest" time="5.391" tests="5" errors="0" skipped="0" failures="0">
  <properties>
[...]
</properties>
  <testcase name="enrollAndUnenrollStudent" classname="com.example.ormfinalproject.OrmAppIntegrationTest" time="0.271">
    <system-out><![CDATA[15:41:58.055 [main] INFO org.springframework.test.context.support.AnnotationConfigContextLoaderUtils -- Could not detect default configuration classes for test class [com.example.ormfinalproject.OrmAppIntegrationTest]: OrmAppIntegrationTest does not declare any static, non-private, non-final, nested classes annotated with @Configuration.
15:41:58.088 [main] INFO org.springframework.boot.test.context.SpringBootTestContextBootstrapper -- Found @SpringBootConfiguration com.example.ormfinalproject.OrmFinalProjectApplication for test class com.example.ormfinalproject.OrmAppIntegrationTest
15:41:58.130 [main] INFO org.testcontainers.images.PullPolicy -- Image pull policy will be performed by: DefaultPullPolicy()
15:41:58.131 [main] INFO org.testcontainers.utility.ImageNameSubstitutor -- Image name substitution will be performed by: DefaultImageNameSubstitutor (composite of 'ConfigurationFileImageNameSubstitutor' and 'PrefixingImageNameSubstitutor')
15:41:58.138 [main] INFO org.testcontainers.DockerClientFactory -- Testcontainers version: 1.20.2
15:41:58.283 [main] INFO org.testcontainers.dockerclient.DockerClientProviderStrategy -- Found Docker environment with local Unix socket (unix:///var/run/docker.sock)
15:41:58.286 [main] INFO org.testcontainers.DockerClientFactory -- Docker host IP address is localhost
15:41:58.290 [main] INFO org.testcontainers.DockerClientFactory -- Connected to docker: 
  Server Version: 28.1.1
  API Version: 1.49
  Operating System: Docker Desktop
  Total Memory: 7837 MB
  Labels: 
    com.docker.desktop.address=unix:///Users/maratbagautdinov/Library/Containers/com.docker.docker/Data/docker-cli.sock
15:41:58.296 [main] INFO tc.testcontainers/ryuk:0.9.0 -- Creating container for image: testcontainers/ryuk:0.9.0
15:41:58.428 [main] INFO org.testcontainers.utility.RegistryAuthLocator -- Credential helper/store (docker-credential-desktop) does not have credentials for https://index.docker.io/v1/
15:41:59.719 [main] INFO tc.testcontainers/ryuk:0.9.0 -- Container testcontainers/ryuk:0.9.0 is starting: 587444f4175a6a85ef42bd8055b0091a54185a394920b34b27a820679c378fd6
15:42:00.578 [main] INFO tc.testcontainers/ryuk:0.9.0 -- Container testcontainers/ryuk:0.9.0 started in PT2.282145S
15:42:00.582 [main] INFO org.testcontainers.utility.RyukResourceReaper -- Ryuk started - will monitor and terminate Testcontainers containers on JVM exit
15:42:00.583 [main] INFO org.testcontainers.DockerClientFactory -- Checking the system...
15:42:00.583 [main] INFO org.testcontainers.DockerClientFactory -- ✔︎ Docker server version should be at least 1.6.0
15:42:00.583 [main] INFO tc.postgres:16-alpine -- Creating container for image: postgres:16-alpine
15:42:00.615 [main] INFO tc.postgres:16-alpine -- Container postgres:16-alpine is starting: b3d91544e60ec0fd2561a207305d7ad35b56d75ec08f45f6b382014a6c736b56
15:42:01.338 [main] INFO tc.postgres:16-alpine -- Container postgres:16-alpine started in PT0.754783S
15:42:01.339 [main] INFO tc.postgres:16-alpine -- Container is started (JDBC URL: jdbc:postgresql://localhost:51674/orm_final_project_test?loggerLevel=OFF)

  .   ____          _            __ _ _
 /\\ / ___'_ __ _ _(_)_ __  __ _ \ \ \ \
( ( )\___ | '_ | '_| | '_ \/ _` | \ \ \ \
 \\/  ___)| |_)| | | | | || (_| |  ) ) ) )
  '  |____| .__|_| |_|_| |_\__, | / / / /
 =========|_|==============|___/=/_/_/_/

 :: Spring Boot ::                (v3.3.5)

2025-12-23T15:42:01.461+04:00  INFO 60009 --- [orm-final-project] [           main] c.e.o.OrmAppIntegrationTest              : Starting OrmAppIntegrationTest using Java 17.0.17 with PID 60009 (started by maratbagautdinov in /Users/maratbagautdinov/Downloads/Telegram Desktop/DataExport_2025-12-11 (1)/ORM-final-project)
2025-12-23T15:42:01.461+04:00  INFO 60009 --- [orm-final-project] [           main] c.e.o.OrmAppIntegrationTest              : The following 1 profile is active: "dev"
2025-12-23T15:42:01.654+04:00  INFO 60009 --- [orm-final-project] [           main] .s.d.r.c.RepositoryConfigurationDelegate : Bootstrapping Spring Data JPA repositories in DEFAULT mode.
2025-12-23T15:42:01.678+04:00  INFO 60009 --- [orm-final-project] [           main] .s.d.r.c.RepositoryConfigurationDelegate : Finished Spring Data repository scanning in 22 ms. Found 14 JPA repository interfaces.
2025-12-23T15:42:01.807+04:00  INFO 60009 --- [orm-final-project] [           main] o.hibernate.jpa.internal.util.LogHelper  : HHH000204: Processing PersistenceUnitInfo [name: default]
2025-12-23T15:42:01.830+04:00  INFO 60009 --- [orm-final-project] [           main] org.hibernate.Version                    : HHH000412: Hibernate ORM core version 6.5.3.Final
2025-12-23T15:42:01.845+04:00  INFO 60009 --- [orm-final-project] [           main] o.h.c.internal.RegionFactoryInitiator    : HHH000026: Second-level cache disabled
2025-12-23T15:42:01.932+04:00  INFO 60009 --- [orm-final-project] [           main] o.s.o.j.p.SpringPersistenceUnitInfo      : No LoadTimeWeaver setup: ignoring JPA class transformer
2025-12-23T15:42:01.941+04:00  INFO 60009 --- [orm-final-project] [           main] com.zaxxer.hikari.HikariDataSource       : HikariPool-1 - Starting...
2025-12-23T15:42:02.004+04:00  INFO 60009 --- [orm-final-project] [           main] com.zaxxer.hikari.pool.HikariPool        : HikariPool-1 - Added connection org.postgresql.jdbc.PgConnection@81a8898
2025-12-23T15:42:02.005+04:00  INFO 60009 --- [orm-final-project] [           main] com.zaxxer.hikari.HikariDataSource       : HikariPool-1 - Start completed.
2025-12-23T15:42:02.383+04:00  INFO 60009 --- [orm-final-project] [           main] o.h.e.t.j.p.i.JtaPlatformInitiator       : HHH000489: No JTA platform available (set 'hibernate.transaction.jta.platform' to enable JTA platform integration)
Hibernate: 
    create table answer_options (
        id bigint generated by default as identity,
        is_correct boolean not null,
        text varchar(1000) not null,
        question_id bigint not null,
        primary key (id)
    )
Hibernate: 
    create table assignments (
        id bigint generated by default as identity,
        description varchar(4000),
        due_date timestamp(6),
        max_score integer,
        title varchar(255) not null,
        lesson_id bigint not null,
        primary key (id)
    )
Hibernate: 
    create table categories (
        id bigint generated by default as identity,
        name varchar(255) not null,
        primary key (id)
    )
Hibernate: 
    create table course_reviews (
        id bigint generated by default as identity,
        comment varchar(2000),
        created_at timestamp(6) not null,
        rating integer not null,
        course_id bigint not null,
        student_id bigint not null,
        primary key (id)
    )
Hibernate: 
    create table course_students (
        course_id bigint not null,
        student_id bigint not null,
        primary key (course_id, student_id)
    )
Hibernate: 
    create table course_tags (
        course_id bigint not null,
        tag_id bigint not null,
        primary key (course_id, tag_id)
    )
Hibernate: 
    create table courses (
        id bigint generated by default as identity,
        description varchar(4000),
        duration_in_hours integer,
        start_date date,
        title varchar(255) not null,
        category_id bigint,
        teacher_id bigint,
        primary key (id)
    )
Hibernate: 
    create table enrollments (
        id bigint generated by default as identity,
        enrolled_at timestamp(6) not null,
        status varchar(255) not null check (status in ('ACTIVE','COMPLETED','CANCELLED')),
        course_id bigint not null,
        student_id bigint not null,
        primary key (id)
    )
Hibernate: 
    create table lessons (
        id bigint generated by default as identity,
        content varchar(8000),
        title varchar(255) not null,
        video_url varchar(255),
        module_id bigint not null,
        primary key (id)
    )
Hibernate: 
    create table modules (
        id bigint generated by default as identity,
        order_index integer,
        title varchar(255) not null,
        course_id bigint not null,
        primary key (id)
    )
Hibernate: 
    create table profiles (
        id bigint generated by default as identity,
        avatar_url varchar(255),
        bio varchar(2000),
        user_id bigint not null,
        primary key (id)
    )
Hibernate: 
    create table questions (
        id bigint generated by default as identity,
        text varchar(2000) not null,
        type varchar(255) not null check (type in ('SINGLE_CHOICE','MULTIPLE_CHOICE')),
        quiz_id bigint not null,
        primary key (id)
    )
Hibernate: 
    create table quiz_submissions (
        id bigint generated by default as identity,
        score integer not null,
        taken_at timestamp(6) not null,
        quiz_id bigint not null,
        student_id bigint not null,
        primary key (id)
    )
Hibernate: 
    create table quizzes (
        id bigint generated by default as identity,
        time_limit_minutes integer,
        title varchar(255) not null,
        module_id bigint,
        primary key (id)
    )
Hibernate: 
    create table submissions (
        id bigint generated by default as identity,
        content varchar(8000),
        feedback varchar(2000),
        score integer,
        submitted_at timestamp(6) not null,
        assignment_id bigint not null,
        student_id bigint not null,
        primary key (id)
    )
Hibernate: 
    create table tags (
        id bigint generated by default as identity,
        name varchar(255) not null,
        primary key (id)
    )
Hibernate: 
    create table users (
        id bigint generated by default as identity,
        email varchar(255) not null,
        name varchar(255) not null,
        role varchar(255) not null check (role in ('STUDENT','TEACHER','ADMIN')),
        primary key (id)
    )
Hibernate: 
    alter table if exists categories 
       drop constraint if exists UKt8o6pivur7nn124jehx7cygw5
2025-12-23T15:42:02.427+04:00  WARN 60009 --- [orm-final-project] [           main] o.h.engine.jdbc.spi.SqlExceptionHelper   : SQL Warning Code: 0, SQLState: 00000
2025-12-23T15:42:02.427+04:00  WARN 60009 --- [orm-final-project] [           main] o.h.engine.jdbc.spi.SqlExceptionHelper   : constraint "ukt8o6pivur7nn124jehx7cygw5" of relation "categories" does not exist, skipping
Hibernate: 
    alter table if exists categories 
       add constraint UKt8o6pivur7nn124jehx7cygw5 unique (name)
Hibernate: 
    alter table if exists course_reviews 
       drop constraint if exists UKbys1ulp5a8c0cws8kalaq223p
2025-12-23T15:42:02.428+04:00  WARN 60009 --- [orm-final-project] [           main] o.h.engine.jdbc.spi.SqlExceptionHelper   : SQL Warning Code: 0, SQLState: 00000
2025-12-23T15:42:02.429+04:00  WARN 60009 --- [orm-final-project] [           main] o.h.engine.jdbc.spi.SqlExceptionHelper   : constraint "ukbys1ulp5a8c0cws8kalaq223p" of relation "course_reviews" does not exist, skipping
Hibernate: 
    alter table if exists course_reviews 
       add constraint UKbys1ulp5a8c0cws8kalaq223p unique (course_id, student_id)
Hibernate: 
    alter table if exists enrollments 
       drop constraint if exists UKi0g6mfijtuh199nj653nva6j5
2025-12-23T15:42:02.430+04:00  WARN 60009 --- [orm-final-project] [           main] o.h.engine.jdbc.spi.SqlExceptionHelper   : SQL Warning Code: 0, SQLState: 00000
2025-12-23T15:42:02.430+04:00  WARN 60009 --- [orm-final-project] [           main] o.h.engine.jdbc.spi.SqlExceptionHelper   : constraint "uki0g6mfijtuh199nj653nva6j5" of relation "enrollments" does not exist, skipping
Hibernate: 
    alter table if exists enrollments 
       add constraint UKi0g6mfijtuh199nj653nva6j5 unique (student_id, course_id)
Hibernate: 
    alter table if exists profiles 
       drop constraint if exists UK4ixsj6aqve5pxrbw2u0oyk8bb
2025-12-23T15:42:02.431+04:00  WARN 60009 --- [orm-final-project] [           main] o.h.engine.jdbc.spi.SqlExceptionHelper   : SQL Warning Code: 0, SQLState: 00000
2025-12-23T15:42:02.431+04:00  WARN 60009 --- [orm-final-project] [           main] o.h.engine.jdbc.spi.SqlExceptionHelper   : constraint "uk4ixsj6aqve5pxrbw2u0oyk8bb" of relation "profiles" does not exist, skipping
Hibernate: 
    alter table if exists profiles 
       add constraint UK4ixsj6aqve5pxrbw2u0oyk8bb unique (user_id)
Hibernate: 
    alter table if exists quiz_submissions 
       drop constraint if exists UKeu8wjlll8l727kkipq55d8gb7
2025-12-23T15:42:02.432+04:00  WARN 60009 --- [orm-final-project] [           main] o.h.engine.jdbc.spi.SqlExceptionHelper   : SQL Warning Code: 0, SQLState: 00000
2025-12-23T15:42:02.432+04:00  WARN 60009 --- [orm-final-project] [           main] o.h.engine.jdbc.spi.SqlExceptionHelper   : constraint "ukeu8wjlll8l727kkipq55d8gb7" of relation "quiz_submissions" does not exist, skipping
Hibernate: 
    alter table if exists quiz_submissions 
       add constraint UKeu8wjlll8l727kkipq55d8gb7 unique (quiz_id, student_id)
Hibernate: 
    alter table if exists quizzes 
       drop constraint if exists UKo3gkobc3m2ohqtacdtcx1lxur
2025-12-23T15:42:02.433+04:00  WARN 60009 --- [orm-final-project] [           main] o.h.engine.jdbc.spi.SqlExceptionHelper   : SQL Warning Code: 0, SQLState: 00000
2025-12-23T15:42:02.433+04:00  WARN 60009 --- [orm-final-project] [           main] o.h.engine.jdbc.spi.SqlExceptionHelper   : constraint "uko3gkobc3m2ohqtacdtcx1lxur" of relation "quizzes" does not exist, skipping
Hibernate: 
    alter table if exists quizzes 
       add constraint UKo3gkobc3m2ohqtacdtcx1lxur unique (module_id)
Hibernate: 
    alter table if exists submissions 
       drop constraint if exists UKeiqoen8c565i0gq79ritryilw
2025-12-23T15:42:02.434+04:00  WARN 60009 --- [orm-final-project] [           main] o.h.engine.jdbc.spi.SqlExceptionHelper   : SQL Warning Code: 0, SQLState: 00000
2025-12-23T15:42:02.434+04:00  WARN 60009 --- [orm-final-project] [           main] o.h.engine.jdbc.spi.SqlExceptionHelper   : constraint "ukeiqoen8c565i0gq79ritryilw" of relation "submissions" does not exist, skipping
Hibernate: 
    alter table if exists submissions 
       add constraint UKeiqoen8c565i0gq79ritryilw unique (assignment_id, student_id)
Hibernate: 
    alter table if exists tags 
       drop constraint if exists UKt48xdq560gs3gap9g7jg36kgc
2025-12-23T15:42:02.435+04:00  WARN 60009 --- [orm-final-project] [           main] o.h.engine.jdbc.spi.SqlExceptionHelper   : SQL Warning Code: 0, SQLState: 00000
2025-12-23T15:42:02.435+04:00  WARN 60009 --- [orm-final-project] [           main] o.h.engine.jdbc.spi.SqlExceptionHelper   : constraint "ukt48xdq560gs3gap9g7jg36kgc" of relation "tags" does not exist, skipping
Hibernate: 
    alter table if exists tags 
       add constraint UKt48xdq560gs3gap9g7jg36kgc unique (name)
Hibernate: 
    alter table if exists users 
       drop constraint if exists UK6dotkott2kjsp8vw4d0m25fb7
2025-12-23T15:42:02.436+04:00  WARN 60009 --- [orm-final-project] [           main] o.h.engine.jdbc.spi.SqlExceptionHelper   : SQL Warning Code: 0, SQLState: 00000
2025-12-23T15:42:02.436+04:00  WARN 60009 --- [orm-final-project] [           main] o.h.engine.jdbc.spi.SqlExceptionHelper   : constraint "uk6dotkott2kjsp8vw4d0m25fb7" of relation "users" does not exist, skipping
Hibernate: 
    alter table if exists users 
       add constraint UK6dotkott2kjsp8vw4d0m25fb7 unique (email)
Hibernate: 
    alter table if exists answer_options 
       add constraint FKfapodm8kfiu9a9a4o2r43rcgp 
       foreign key (question_id) 
       references questions
Hibernate: 
    alter table if exists assignments 
       add constraint FKj6l7dcv3gjrabhqjqsdolg78l 
       foreign key (lesson_id) 
       references lessons
Hibernate: 
    alter table if exists course_reviews 
       add constraint FK799g8dfcye3g51ru63bfdhyb1 
       foreign key (course_id) 
       references courses
Hibernate: 
    alter table if exists course_reviews 
       add constraint FKhh2x4vh4c3w8q5htsg6i49dv1 
       foreign key (student_id) 
       references users
Hibernate: 
    alter table if exists course_students 
       add constraint FKcedy62b1kx0ll1ggwkh25ubxh 
       foreign key (student_id) 
       references users
Hibernate: 
    alter table if exists course_students 
       add constraint FKj5fbpmgy0y0es0gvk0311jor3 
       foreign key (course_id) 
       references courses
Hibernate: 
    alter table if exists course_tags 
       add constraint FKle4e0o8293pd96wrrfl77ij42 
       foreign key (tag_id) 
       references tags
Hibernate: 
    alter table if exists course_tags 
       add constraint FKjqwlxw962j7q9wdogwnrctc2p 
       foreign key (course_id) 
       references courses
Hibernate: 
    alter table if exists courses 
       add constraint FK72l5dj585nq7i6xxv1vj51lyn 
       foreign key (category_id) 
       references categories
Hibernate: 
    alter table if exists courses 
       add constraint FKt4ba5fab1x56tmt4nsypv5lm5 
       foreign key (teacher_id) 
       references users
Hibernate: 
    alter table if exists enrollments 
       add constraint FKho8mcicp4196ebpltdn9wl6co 
       foreign key (course_id) 
       references courses
Hibernate: 
    alter table if exists enrollments 
       add constraint FK2lha5vwilci2yi3vu5akusx4a 
       foreign key (student_id) 
       references users
Hibernate: 
    alter table if exists lessons 
       add constraint FKt9yjhjbd9y3w6fxs66ny1wu02 
       foreign key (module_id) 
       references modules
Hibernate: 
    alter table if exists modules 
       add constraint FK8qnnp812q1jd38fx7mxrhpw9 
       foreign key (course_id) 
       references courses
Hibernate: 
    alter table if exists profiles 
       add constraint FK410q61iev7klncmpqfuo85ivh 
       foreign key (user_id) 
       references users
Hibernate: 
    alter table if exists questions 
       add constraint FKn3gvco4b0kewxc0bywf1igfms 
       foreign key (quiz_id) 
       references quizzes
Hibernate: 
    alter table if exists quiz_submissions 
       add constraint FK7rmflyrtaibx04079o6tiu0me 
       foreign key (quiz_id) 
       references quizzes
Hibernate: 
    alter table if exists quiz_submissions 
       add constraint FK5fbfm6lgxprfc8y4ke1xpl4mf 
       foreign key (student_id) 
       references users
Hibernate: 
    alter table if exists quizzes 
       add constraint FKnqw01g1df6iqh97ijywvvv51d 
       foreign key (module_id) 
       references modules
Hibernate: 
    alter table if exists submissions 
       add constraint FKrirbb44savy2g7nws0hoxs949 
       foreign key (assignment_id) 
       references assignments
Hibernate: 
    alter table if exists submissions 
       add constraint FK3p6y8mnhpwusdgqrdl4hcl72m 
       foreign key (student_id) 
       references users
2025-12-23T15:42:02.450+04:00  INFO 60009 --- [orm-final-project] [           main] j.LocalContainerEntityManagerFactoryBean : Initialized JPA EntityManagerFactory for persistence unit 'default'
2025-12-23T15:42:02.764+04:00  INFO 60009 --- [orm-final-project] [           main] c.e.o.OrmAppIntegrationTest              : Started OrmAppIntegrationTest in 1.395 seconds (process running for 4.922)
Hibernate: 
    select
        count(*) 
    from
        users u1_0
Hibernate: 
    insert 
    into
        users
        (email, name, role) 
    values
        (?, ?, ?) 
    returning id
Hibernate: 
    insert 
    into
        users
        (email, name, role) 
    values
        (?, ?, ?) 
    returning id
Hibernate: 
    insert 
    into
        categories
        (name) 
    values
        (?) 
    returning id
Hibernate: 
    insert 
    into
        courses
        (category_id, description, duration_in_hours, start_date, teacher_id, title) 
    values
        (?, ?, ?, ?, ?, ?) 
    returning id
Hibernate: 
    insert 
    into
        modules
        (course_id, order_index, title) 
    values
        (?, ?, ?) 
    returning id
Hibernate: 
    insert 
    into
        lessons
        (content, module_id, title, video_url) 
    values
        (?, ?, ?, ?) 
    returning id
Hibernate: 
    insert 
    into
        assignments
        (description, due_date, lesson_id, max_score, title) 
    values
        (?, ?, ?, ?, ?) 
    returning id
Hibernate: 
    insert 
    into
        quizzes
        (module_id, time_limit_minutes, title) 
    values
        (?, ?, ?) 
    returning id
Hibernate: 
    insert 
    into
        questions
        (quiz_id, text, type) 
    values
        (?, ?, ?) 
    returning id
Hibernate: 
    insert 
    into
        answer_options
        (is_correct, question_id, text) 
    values
        (?, ?, ?) 
    returning id
Hibernate: 
    insert 
    into
        answer_options
        (is_correct, question_id, text) 
    values
        (?, ?, ?) 
    returning id
Hibernate: 
    insert 
    into
        enrollments
        (course_id, enrolled_at, status, student_id) 
    values
        (?, ?, ?, ?) 
    returning id
Hibernate: 
    insert 
    into
        submissions
        (assignment_id, content, feedback, score, student_id, submitted_at) 
    values
        (?, ?, ?, ?, ?, ?) 
    returning id
Hibernate: 
    insert 
    into
        quiz_submissions
        (quiz_id, score, student_id, taken_at) 
    values
        (?, ?, ?, ?) 
    returning id
Hibernate: 
    select
        u1_0.id,
        u1_0.email,
        u1_0.name,
        u1_0.role 
    from
        users u1_0
Hibernate: 
    select
        p1_0.id,
        p1_0.avatar_url,
        p1_0.bio,
        p1_0.user_id 
    from
        profiles p1_0 
    where
        p1_0.user_id=?
Hibernate: 
    select
        p1_0.id,
        p1_0.avatar_url,
        p1_0.bio,
        p1_0.user_id 
    from
        profiles p1_0 
    where
        p1_0.user_id=?
Hibernate: 
    select
        c1_0.id,
        c1_0.category_id,
        c1_0.description,
        c1_0.duration_in_hours,
        c1_0.start_date,
        c1_0.teacher_id,
        c1_0.title 
    from
        courses c1_0
Hibernate: 
    select
        u1_0.id,
        u1_0.email,
        u1_0.name,
        u1_0.role 
    from
        users u1_0 
    where
        u1_0.id=?
Hibernate: 
    select
        p1_0.id,
        p1_0.avatar_url,
        p1_0.bio,
        p1_0.user_id 
    from
        profiles p1_0 
    where
        p1_0.user_id=?
Hibernate: 
    select
        c1_0.id,
        c1_0.category_id,
        c1_0.description,
        c1_0.duration_in_hours,
        c1_0.start_date,
        c1_0.teacher_id,
        c1_0.title 
    from
        courses c1_0 
    where
        c1_0.id=?
Hibernate: 
    select
        e1_0.id,
        e1_0.course_id,
        e1_0.enrolled_at,
        e1_0.status,
        e1_0.student_id 
    from
        enrollments e1_0 
    where
        e1_0.student_id=? 
        and e1_0.course_id=?
Hibernate: 
    select
        c1_0.id,
        c1_0.category_id,
        c1_0.description,
        c1_0.duration_in_hours,
        c1_0.start_date,
        c1_0.teacher_id,
        c1_0.title 
    from
        courses c1_0 
    where
        c1_0.id=?
Hibernate: 
    select
        e1_0.id,
        e1_0.course_id,
        e1_0.enrolled_at,
        e1_0.status,
        e1_0.student_id 
    from
        enrollments e1_0 
    where
        e1_0.course_id=?
Hibernate: 
    select
        u1_0.id,
        u1_0.email,
        u1_0.name,
        u1_0.role 
    from
        users u1_0 
    where
        u1_0.id=?
Hibernate: 
    select
        p1_0.id,
        p1_0.avatar_url,
        p1_0.bio,
        p1_0.user_id 
    from
        profiles p1_0 
    where
        p1_0.user_id=?
Hibernate: 
    select
        c1_0.id,
        c1_0.category_id,
        c1_0.description,
        c1_0.duration_in_hours,
        c1_0.start_date,
        c1_0.teacher_id,
        c1_0.title 
    from
        courses c1_0 
    where
        c1_0.id=?
Hibernate: 
    select
        e1_0.id,
        e1_0.course_id,
        e1_0.enrolled_at,
        e1_0.status,
        e1_0.student_id 
    from
        enrollments e1_0 
    where
        e1_0.student_id=? 
        and e1_0.course_id=?
Hibernate: 
    delete 
    from
        enrollments 
    where
        id=?
Hibernate: 
    select
        c1_0.id,
        c1_0.category_id,
        c1_0.description,
        c1_0.duration_in_hours,
        c1_0.start_date,
        c1_0.teacher_id,
        c1_0.title 
    from
        courses c1_0 
    where
        c1_0.id=?
Hibernate: 
    select
        e1_0.id,
        e1_0.course_id,
        e1_0.enrolled_at,
        e1_0.status,
        e1_0.student_id 
    from
        enrollments e1_0 
    where
        e1_0.course_id=?
]]></system-out>
  </testcase>
  <testcase name="lazyInitializationExceptionWhenAccessingModulesOutsideSession" classname="com.example.ormfinalproject.OrmAppIntegrationTest" time="0.006">
    <system-out><![CDATA[Hibernate: 
    select
        c1_0.id,
        c1_0.category_id,
        c1_0.description,
        c1_0.duration_in_hours,
        c1_0.start_date,
        c1_0.teacher_id,
        c1_0.title 
    from
        courses c1_0
]]></system-out>
  </testcase>
  <testcase name="takeQuizAndStoreResult" classname="com.example.ormfinalproject.OrmAppIntegrationTest" time="0.028">
    <system-out><![CDATA[Hibernate: 
    select
        u1_0.id,
        u1_0.email,
        u1_0.name,
        u1_0.role 
    from
        users u1_0
Hibernate: 
    select
        p1_0.id,
        p1_0.avatar_url,
        p1_0.bio,
        p1_0.user_id 
    from
        profiles p1_0 
    where
        p1_0.user_id=?
Hibernate: 
    select
        p1_0.id,
        p1_0.avatar_url,
        p1_0.bio,
        p1_0.user_id 
    from
        profiles p1_0 
    where
        p1_0.user_id=?
Hibernate: 
    select
        q1_0.id,
        q1_0.module_id,
        q1_0.time_limit_minutes,
        q1_0.title 
    from
        quizzes q1_0
Hibernate: 
    select
        q1_0.id,
        q1_0.quiz_id,
        q1_0.text,
        q1_0.type 
    from
        questions q1_0 
    where
        q1_0.quiz_id=?
Hibernate: 
    select
        ao1_0.id,
        ao1_0.is_correct,
        ao1_0.question_id,
        ao1_0.text 
    from
        answer_options ao1_0 
    where
        ao1_0.question_id=?
Hibernate: 
    select
        q1_0.id,
        q1_0.module_id,
        q1_0.time_limit_minutes,
        q1_0.title 
    from
        quizzes q1_0 
    where
        q1_0.id=?
Hibernate: 
    select
        u1_0.id,
        u1_0.email,
        u1_0.name,
        u1_0.role 
    from
        users u1_0 
    where
        u1_0.id=?
Hibernate: 
    select
        p1_0.id,
        p1_0.avatar_url,
        p1_0.bio,
        p1_0.user_id 
    from
        profiles p1_0 
    where
        p1_0.user_id=?
Hibernate: 
    select
        q1_0.quiz_id,
        q1_0.id,
        q1_0.text,
        q1_0.type 
    from
        questions q1_0 
    where
        q1_0.quiz_id=?
Hibernate: 
    select
        ao1_0.id,
        ao1_0.is_correct,
        ao1_0.question_id,
        ao1_0.text 
    from
        answer_options ao1_0 
    where
        ao1_0.id=?
Hibernate: 
    select
        qs1_0.id,
        qs1_0.quiz_id,
        qs1_0.score,
        qs1_0.student_id,
        qs1_0.taken_at 
    from
        quiz_submissions qs1_0 
    where
        qs1_0.quiz_id=? 
        and qs1_0.student_id=?
Hibernate: 
    update
        quiz_submissions 
    set
        quiz_id=?,
        score=?,
        student_id=?,
        taken_at=? 
    where
        id=?
]]></system-out>
  </testcase>
  <testcase name="contextLoadsAndSeedsData" classname="com.example.ormfinalproject.OrmAppIntegrationTest" time="0.006">
    <system-out><![CDATA[Hibernate: 
    select
        u1_0.id,
        u1_0.email,
        u1_0.name,
        u1_0.role 
    from
        users u1_0
Hibernate: 
    select
        p1_0.id,
        p1_0.avatar_url,
        p1_0.bio,
        p1_0.user_id 
    from
        profiles p1_0 
    where
        p1_0.user_id=?
Hibernate: 
    select
        p1_0.id,
        p1_0.avatar_url,
        p1_0.bio,
        p1_0.user_id 
    from
        profiles p1_0 
    where
        p1_0.user_id=?
Hibernate: 
    select
        c1_0.id,
        c1_0.category_id,
        c1_0.description,
        c1_0.duration_in_hours,
        c1_0.start_date,
        c1_0.teacher_id,
        c1_0.title 
    from
        courses c1_0
]]></system-out>
  </testcase>
  <testcase name="submitAndGradeAssignment" classname="com.example.ormfinalproject.OrmAppIntegrationTest" time="0.026">
    <system-out><![CDATA[Hibernate: 
    select
        u1_0.id,
        u1_0.email,
        u1_0.name,
        u1_0.role 
    from
        users u1_0
Hibernate: 
    select
        p1_0.id,
        p1_0.avatar_url,
        p1_0.bio,
        p1_0.user_id 
    from
        profiles p1_0 
    where
        p1_0.user_id=?
Hibernate: 
    select
        p1_0.id,
        p1_0.avatar_url,
        p1_0.bio,
        p1_0.user_id 
    from
        profiles p1_0 
    where
        p1_0.user_id=?
Hibernate: 
    select
        l1_0.id,
        l1_0.content,
        l1_0.module_id,
        l1_0.title,
        l1_0.video_url 
    from
        lessons l1_0
Hibernate: 
    select
        l1_0.id,
        l1_0.content,
        l1_0.module_id,
        l1_0.title,
        l1_0.video_url 
    from
        lessons l1_0 
    where
        l1_0.id=?
Hibernate: 
    insert 
    into
        assignments
        (description, due_date, lesson_id, max_score, title) 
    values
        (?, ?, ?, ?, ?) 
    returning id
Hibernate: 
    select
        a1_0.id,
        a1_0.description,
        a1_0.due_date,
        a1_0.lesson_id,
        a1_0.max_score,
        a1_0.title 
    from
        assignments a1_0 
    where
        a1_0.id=?
Hibernate: 
    select
        u1_0.id,
        u1_0.email,
        u1_0.name,
        u1_0.role 
    from
        users u1_0 
    where
        u1_0.id=?
Hibernate: 
    select
        p1_0.id,
        p1_0.avatar_url,
        p1_0.bio,
        p1_0.user_id 
    from
        profiles p1_0 
    where
        p1_0.user_id=?
Hibernate: 
    select
        s1_0.id,
        s1_0.assignment_id,
        s1_0.content,
        s1_0.feedback,
        s1_0.score,
        s1_0.student_id,
        s1_0.submitted_at 
    from
        submissions s1_0 
    where
        s1_0.assignment_id=? 
        and s1_0.student_id=?
Hibernate: 
    insert 
    into
        submissions
        (assignment_id, content, feedback, score, student_id, submitted_at) 
    values
        (?, ?, ?, ?, ?, ?) 
    returning id
Hibernate: 
    select
        s1_0.id,
        s1_0.assignment_id,
        s1_0.content,
        s1_0.feedback,
        s1_0.score,
        s1_0.student_id,
        s1_0.submitted_at 
    from
        submissions s1_0 
    where
        s1_0.id=?
Hibernate: 
    update
        submissions 
    set
        assignment_id=?,
        content=?,
        feedback=?,
        score=?,
        student_id=?,
        submitted_at=? 
    where
        id=?
]]></system-out>
  </testcase>
</testsuite>